<?xml version="1.0" encoding="UTF-8"?>
<testsuite xmlns:xsi="http://www.w3.org/2001/XMLSchema-instance" xsi:noNamespaceSchemaLocation="https://maven.apache.org/surefire/maven-failsafe-plugin/xsd/failsafe-test-report-3.0.xsd" version="3.0" name="Mobile Feature" time="50.714" tests="1" errors="1" skipped="0" failures="0">
  <properties>
[...]
</properties>
  <testcase name="Mobile Feature" classname="Mobile Feature" time="50.714">
    <error message="no such element: Unable to locate element: {&quot;method&quot;:&quot;xpath&quot;,&quot;selector&quot;:&quot;//*[@id=&apos;kc-login&apos;]&quot;}&#10;  (Session info: chrome=110.0.5481.178)&#10;For documentation on this error, please visit: https://www.seleniumhq.org/exceptions/no_such_element.html&#10;Build info: version: &apos;3.141.59&apos;, revision: &apos;e82be7d358&apos;, time: &apos;2018-11-14T08:17:03&apos;&#10;System info: host: &apos;CHRISTIAN_BUELE&apos;, ip: &apos;60.60.100.226&apos;, os.name: &apos;Windows 10&apos;, os.arch: &apos;amd64&apos;, os.version: &apos;10.0&apos;, java.version: &apos;11.0.2&apos;&#10;Driver info: org.openqa.selenium.chrome.ChromeDriver&#10;Capabilities {acceptInsecureCerts: false, browserName: chrome, browserVersion: 110.0.5481.178, chrome: {chromedriverVersion: 110.0.5481.77 (65ed616c6e8e..., userDataDir: C:\Users\chris\AppData\Loca...}, goog:chromeOptions: {debuggerAddress: localhost:64805}, javascriptEnabled: true, networkConnectionEnabled: false, pageLoadStrategy: normal, platform: WINDOWS, platformName: WINDOWS, proxy: Proxy(), setWindowRect: true, strictFileInteractability: false, timeouts: {implicit: 0, pageLoad: 300000, script: 30000}, unhandledPromptBehavior: dismiss and notify, webauthn:extension:credBlob: true, webauthn:extension:largeBlob: true, webauthn:virtualAuthenticators: true}&#10;Session ID: 2805f731a86b9554f7fb1f318a3c9456&#10;*** Element info: {Using=xpath, value=//*[@id=&apos;kc-login&apos;]}" type="org.openqa.selenium.NoSuchElementException"><![CDATA[org.openqa.selenium.NoSuchElementException: 
no such element: Unable to locate element: {"method":"xpath","selector":"//*[@id='kc-login']"}
  (Session info: chrome=110.0.5481.178)
For documentation on this error, please visit: https://www.seleniumhq.org/exceptions/no_such_element.html
Build info: version: '3.141.59', revision: 'e82be7d358', time: '2018-11-14T08:17:03'
System info: host: 'CHRISTIAN_BUELE', ip: '60.60.100.226', os.name: 'Windows 10', os.arch: 'amd64', os.version: '10.0', java.version: '11.0.2'
Driver info: org.openqa.selenium.chrome.ChromeDriver
Capabilities {acceptInsecureCerts: false, browserName: chrome, browserVersion: 110.0.5481.178, chrome: {chromedriverVersion: 110.0.5481.77 (65ed616c6e8e..., userDataDir: C:\Users\chris\AppData\Loca...}, goog:chromeOptions: {debuggerAddress: localhost:64805}, javascriptEnabled: true, networkConnectionEnabled: false, pageLoadStrategy: normal, platform: WINDOWS, platformName: WINDOWS, proxy: Proxy(), setWindowRect: true, strictFileInteractability: false, timeouts: {implicit: 0, pageLoad: 300000, script: 30000}, unhandledPromptBehavior: dismiss and notify, webauthn:extension:credBlob: true, webauthn:extension:largeBlob: true, webauthn:virtualAuthenticators: true}
Session ID: 2805f731a86b9554f7fb1f318a3c9456
*** Element info: {Using=xpath, value=//*[@id='kc-login']}
]]></error>
    <system-out><![CDATA[89599910000000001462
89599910000000001484
89599910000000001485
89599910000000001486
89599910000000001488
89599910000000002482
89599910000000002487
89599910000000002488
89599910000000000188
89599910000000000193
89599910000000001506
89599910000000001509
89599910000000001510
89599910000000001514
89599910000000001515
89599910000000001516
89599910000000001524
89599910000000001526
89599910000000001527
89599910000000001528
89599910000000001529
89599910000000001532
89599910000000001533
89599910000000001536
89599910000000001541
89599910000000001559
89599910000000001560
89599910000000001561
89599910000000002533
89599910000000002534
89599910000000002535
89599910000000002536
89599910000000002537
89599910000000002538
89599910000000002539
89599910000000002540
89599910000000002541
89599910000000002542
89599910000000002543
89599910000000002545
89599910000000002546
89599910000000002547
89599910000000002548
89599910000000002549
89599910000000002550
89599910000000002551
89599910000000002552
89599910000000002553
89599910000000002554
89599910000000002555
89599910000000002556
89599910000000002557
89599910000000002558
89599910000000002559
89599910000000002560
89599910000000002561
89599910000000002562
89599910000000002563
89599910000000002565
89599910000000002566
89599910000000002567
89599910000000002568
89599910000000002569
89599910000000002570
89599910000000002571
89599910000000002572
89599910000000002573
89599910000000002574
89599910000000002575
89599910000000002576
89599910000000002577
89599910000000002578
89599910000000002579
89599910000000002580
89599910000000002581
89599910000000002582
89599910000000002583
89599910000000002584
89599910000000002585
89599910000000002586
89599910000000002587
89599910000000002588
89599910000000002589
89599910000000002590
89599910000000002591
89599910000000002592
89599910000000002593
89599910000000000531
89599910000000000532
89599910000000000533
89599910000000000534
89599910000000000535
89599910000000000536
89599910000000000537
89599910000000000538
89599910000000000539
89599910000000000540
89599910000000000541
89599910000000000542
89599910000000000543
89599910000000000544
89599910000000000545
89599910000000000546
89599910000000000547
89599910000000000548
89599910000000000549
89599910000000000551
89599910000000000552
89599910000000000553
89599910000000000554
89599910000000000555
89599910000000000556
89599910000000000557
89599910000000000559
89599910000000000560
89599910000000000561
89599910000000000562
89599910000000000563
89599910000000000564
89599910000000000566
89599910000000000567
89599910000000000568
89599910000000000569
89599910000000000570
89599910000000000571
89599910000000000572
89599910000000000573
89599910000000000574
89599910000000000575
89599910000000000576
89599910000000000577
89599910000000000578
89599910000000000579
89599910000000000580
89599910000000000581
89599910000000000582
89599910000000000583
89599910000000000584
89599910000000000585
89599910000000000586
89599910000000000587
89599910000000000588
89599910000000000589
89599910000000000590
89599910000000000591
89599910000000000592
89599910000000000593
89599910000000000594
89599910000000001562
89599910000000001563
89599910000000001564
89599910000000001565
89599910000000001566
89599910000000001567
89599910000000001568
89599910000000001569
89599910000000001570
89599910000000001571
89599910000000001572
89599910000000001573
89599910000000001574
89599910000000001575
89599910000000001576
89599910000000001577
89599910000000001578
89599910000000001579
89599910000000001580
89599910000000001581
89599910000000001582
89599910000000001583
89599910000000001584
89599910000000001585
89599910000000001586
89599910000000001587
89599910000000001588
89599910000000001589
89599910000000001590
89599910000000001591
89599910000000001592
89599910000000001593
89599910000000001594
89599910000000001595
89599910000000001596
89599910000000001597
89599910000000001598
89599910000000001599
89599910000000001600
89599910000000001601
89599910000000001602
89599910000000001603
89599910000000001604
89599910000000001605
89599910000000001606
89599910000000001607
89599910000000001608
89599910000000001609
89599910000000001610
89599910000000001611
89599910000000001612
89599910000000001613
89599910000000001615
89599910000000001617
89599910000000001618
89599910000000001619
89599910000000001620
89599910000000001621
89599910000000001622
89599910000000001623
89599910000000001624
89599910000000001625
89599910000000002595
89599910000000002596
89599910000000002597
89599910000000002598
89599910000000002599
89599910000000002600
89599910000000002601
89599910000000002602
89599910000000002603
89599910000000002604
89599910000000002605
89599910000000002606
89599910000000002607
89599910000000002608
89599910000000002609
89599910000000002610
89599910000000002611
89599910000000002612
89599910000000002613
89599910000000002614
89599910000000002616
89599910000000002617
89599910000000002618
89599910000000002619
89599910000000002620
89599910000000002621
89599910000000002622
89599910000000002623
89599910000000002624
89599910000000002625
89599910000000002626
89599910000000002627
89599910000000002628
89599910000000002629
89599910000000002630
89599910000000002631
89599910000000002632
89599910000000002633
89599910000000002638
89599910000000002642
89599910000000002643
89599910000000002644
89599910000000002645
89599910000000002646
89599910000000002647
89599910000000002648
89599910000000002649
89599910000000002650
89599910000000002651
89599910000000002652
89599910000000002653
89599910000000002656
89599910000000002657
89599910000000000595
89599910000000000596
89599910000000000597
89599910000000000598
89599910000000000599
89599910000000000600
89599910000000000601
89599910000000000602
89599910000000000603
89599910000000000604
89599910000000000605
89599910000000000606
89599910000000000607
89599910000000000608
89599910000000000609
89599910000000000610
89599910000000000613
89599910000000000614
89599910000000000616
89599910000000000617
89599910000000000618
89599910000000000619
89599910000000000620
89599910000000000621
89599910000000000622
89599910000000000623
89599910000000000624
89599910000000000625
89599910000000000626
89599910000000000627
89599910000000000628
89599910000000000629
89599910000000000630
89599910000000000631
89599910000000000632
89599910000000000633
89599910000000000634
89599910000000000635
89599910000000000636
89599910000000000637
89599910000000000638
89599910000000000639
89599910000000000640
89599910000000000641
89599910000000000642
89599910000000000643
89599910000000000644
89599910000000000645
89599910000000000646
89599910000000000647
89599910000000000648
89599910000000000649
89599910000000000650
89599910000000000651
89599910000000000652
89599910000000000653
89599910000000000654
89599910000000000656
89599910000000000657
89599910000000000658
89599910000000000659
89599910000000000660
89599910000000001626
89599910000000001627
89599910000000001628
89599910000000001629
89599910000000001630
89599910000000001631
89599910000000001632
89599910000000001633
89599910000000001634
89599910000000001635
89599910000000001636
89599910000000001637
89599910000000001638
89599910000000001639
89599910000000001641
89599910000000001642
89599910000000001643
89599910000000001644
89599910000000001645
89599910000000001646
89599910000000001647
89599910000000001648
89599910000000001649
89599910000000001650
89599910000000001651
89599910000000001652
89599910000000001653
89599910000000001654
89599910000000001655
89599910000000001656
89599910000000001657
89599910000000001658
89599910000000001659
89599910000000001660
89599910000000001661
89599910000000001662
89599910000000001663
89599910000000001664
89599910000000001665
89599910000000001666
89599910000000001667
89599910000000001668
89599910000000001669
89599910000000001670
89599910000000001671
89599910000000001672
89599910000000001673
89599910000000001675
89599910000000001676
89599910000000001677
89599910000000001678
89599910000000001679
89599910000000001680
89599910000000001681
89599910000000001682
89599910000000001683
89599910000000001684
89599910000000001685
89599910000000001686
89599910000000002658
89599910000000002981
89599910000000002982
89599910000000002983
89599910000000002984
89599910000000002985
89599910000000002986
89599910000000002987
89599910000000002988
89599910000000002989
89599910000000002990
89599910000000002991
89599910000000002992
89599910000000002993
89599910000000002994
89599910000000002995
89599910000000002996
89599910000000002997
89599910000000002998
89599910000000002999
89599910000000003000
89599910000000003001
89599910000000003002
89599910000000003003
89599910000000003004
89599910000000003005
89599910000000003006
89599910000000003007
89599910000000003008
89599910000000003009
89599910000000003011
89599910000000000661
89599910000000000662
89599910000000000663
89599910000000000664
89599910000000000665
89599910000000000666
89599910000000000668
89599910000000000669
89599910000000000670
89599910000000000671
89599910000000000672
89599910000000000673
89599910000000000674
89599910000000000675
89599910000000000676
89599910000000000677
89599910000000000678
89599910000000000679
89599910000000000680
89599910000000000681
89599910000000000682
89599910000000000683
89599910000000000684
89599910000000000685
89599910000000000686
89599910000000000687
89599910000000000688
89599910000000000689
89599910000000000690
89599910000000000691
89599910000000000692
89599910000000000693
89599910000000000694
89599910000000000695
89599910000000000696
89599910000000000697
89599910000000000698
89599910000000000699
89599910000000000700
89599910000000000701
89599910000000000702
89599910000000000703
89599910000000000704
89599910000000000705
89599910000000000706
89599910000000000707
89599910000000000708
89599910000000000709
89599910000000000711
89599910000000000712
89599910000000000713
89599910000000000714
89599910000000000715
89599910000000000716
89599910000000000717
89599910000000000718
89599910000000000719
89599910000000000720
89599910000000000721
89599910000000000722
89599910000000000723
89599910000000000724
89599910000000001691
89599910000000001692
89599910000000001693
89599910000000001694
89599910000000001695
89599910000000001696
89599910000000001697
89599910000000001698
89599910000000001700
89599910000000001701
89599910000000001702
89599910000000001703
89599910000000001704
89599910000000001705
89599910000000001706
89599910000000001707
89599910000000001708
89599910000000001709
89599910000000001710
89599910000000001711
89599910000000001712
89599910000000001713
89599910000000001714
89599910000000001715
89599910000000001717
89599910000000001718
89599910000000001720
89599910000000001721
89599910000000001722
89599910000000001723
89599910000000001724
89599910000000001725
89599910000000001726
89599910000000001727
89599910000000001728
89599910000000001729
89599910000000001730
89599910000000001731
89599910000000001733
89599910000000001734
89599910000000001735
89599910000000001736
89599910000000001737
89599910000000001738
89599910000000001739
89599910000000001740
89599910000000001741
89599910000000001742
89599910000000001744
89599910000000001745
89599910000000001746
89599910000000001747
89599910000000001748
89599910000000001749
89599910000000001750
89599910000000001751
89599910000000001752
89599910000000001753
89599910000000001754
89599910000000003121
89599910000000003122
89599910000000003123
89599910000000003124
89599910000000000725
89599910000000000726
89599910000000000727
89599910000000000728
89599910000000000729
89599910000000000730
89599910000000000731
89599910000000000732
89599910000000000733
89599910000000000734
89599910000000000735
89599910000000000736
89599910000000000737
89599910000000000738
89599910000000000739
89599910000000000740
89599910000000000741
89599910000000000742
89599910000000000743
89599910000000000744
89599910000000000746
89599910000000000747
89599910000000000748
89599910000000000749
89599910000000000750
89599910000000000751
89599910000000000752
89599910000000000754
89599910000000000755
89599910000000000756
89599910000000000757
89599910000000000758
89599910000000000759
89599910000000000760
89599910000000000761
89599910000000000762
89599910000000000763
89599910000000000764
89599910000000000765
89599910000000000766
89599910000000000767
89599910000000000768
89599910000000000769
89599910000000000770
89599910000000000771
89599910000000000772
89599910000000000773
89599910000000000774
89599910000000000775
89599910000000000776
89599910000000000777
89599910000000000778
89599910000000000780
89599910000000000781
89599910000000000782
89599910000000000783
89599910000000000784
89599910000000000785
89599910000000000786
89599910000000000787
89599910000000000788
89599910000000000789
89599910000000001755
89599910000000001756
89599910000000001757
89599910000000001758
89599910000000001759
89599910000000001760
89599910000000001761
89599910000000001762
89599910000000001763
89599910000000001764
89599910000000001765
89599910000000001766
89599910000000001767
89599910000000001768
89599910000000001769
89599910000000001770
89599910000000001771
89599910000000001772
89599910000000001773
89599910000000001774
89599910000000001775
89599910000000001776
89599910000000001777
89599910000000001778
89599910000000001779
89599910000000001780
89599910000000001781
89599910000000001782
89599910000000001783
89599910000000001784
89599910000000001785
89599910000000001786
89599910000000001787
89599910000000001788
89599910000000001789
89599910000000001790
89599910000000001791
89599910000000001792
89599910000000001793
89599910000000001794
89599910000000001795
89599910000000001796
89599910000000001797
89599910000000001798
89599910000000001799
89599910000000001800
89599910000000001801
89599910000000001802
89599910000000001803
89599910000000001804
89599910000000001805
89599910000000001806
89599910000000001807
89599910000000001808
89599910000000001809
89599910000000001810
89599910000000001811
89599910000000001812
89599910000000001814
89599910000000001815
89599910000000001816
89599910000000001817
89599910000000001818
89599910000000001819
89599910000000002788
89599910000000002789
89599910000000002790
89599910000000002791
89599910000000002792
89599910000000002793
89599910000000002794
89599910000000002795
89599910000000002796
89599910000000002797
89599910000000002798
89599910000000002800
89599910000000002801
89599910000000002802
89599910000000002803
89599910000000002804
89599910000000002805
89599910000000002806
89599910000000002807
89599910000000002808
89599910000000002809
89599910000000002810
89599910000000002811
89599910000000002812
89599910000000002813
89599910000000002814
89599910000000002815
89599910000000002816
89599910000000002817
89599910000000002818
89599910000000002819
89599910000000002820
89599910000000002821
89599910000000002822
89599910000000002824
89599910000000002825
89599910000000002826
89599910000000002827
89599910000000002828
89599910000000002829
89599910000000002830
89599910000000002831
89599910000000002832
89599910000000002833
89599910000000002834
89599910000000002835
89599910000000002836
89599910000000002837
89599910000000002839
89599910000000002841
89599910000000002842
89599910000000002843
89599910000000002844
89599910000000002845
89599910000000002846
89599910000000002847
89599910000000002848
89599910000000002849
89599910000000002850
89599910000000002851
89599910000000000790
89599910000000000791
89599910000000000792
89599910000000000793
89599910000000000794
89599910000000000795
89599910000000000796
89599910000000000797
89599910000000000798
89599910000000000799
89599910000000000801
89599910000000000802
89599910000000000803
89599910000000000804
89599910000000000805
89599910000000000806
89599910000000000807
89599910000000000808
89599910000000000809
89599910000000000810
89599910000000000811
89599910000000000812
89599910000000000813
89599910000000000814
89599910000000000815
89599910000000000816
89599910000000000817
89599910000000000818
89599910000000000819
89599910000000000820
89599910000000000821
89599910000000000822
89599910000000000823
89599910000000000824
89599910000000000825
89599910000000000827
89599910000000000828
89599910000000000829
89599910000000000830
89599910000000000831
89599910000000000832
89599910000000000833
89599910000000000834
89599910000000000835
89599910000000000836
89599910000000000837
89599910000000000838
89599910000000000839
89599910000000000840
89599910000000000841
89599910000000000842
89599910000000000843
89599910000000000844
89599910000000000845
89599910000000000846
89599910000000000847
89599910000000000848
89599910000000000849
89599910000000000850
89599910000000000851
89599910000000000852
89599910000000000853
89599910000000001820
89599910000000001821
89599910000000001822
89599910000000001823
89599910000000001824
89599910000000001825
89599910000000001826
89599910000000001827
89599910000000001828
89599910000000001829
89599910000000001830
89599910000000001831
89599910000000001832
89599910000000001833
89599910000000001834
89599910000000001835
89599910000000001836
89599910000000001837
89599910000000001838
89599910000000001839
89599910000000001840
89599910000000001841
89599910000000001842
89599910000000001843
89599910000000001844
89599910000000001845
89599910000000001846
89599910000000001847
89599910000000001848
89599910000000001849
89599910000000001850
89599910000000001851
89599910000000001852
89599910000000001853
89599910000000001854
89599910000000001855
89599910000000001856
89599910000000001857
89599910000000001858
89599910000000001860
89599910000000001861
89599910000000001862
89599910000000001863
89599910000000001864
89599910000000001865
89599910000000001866
89599910000000001867
89599910000000001868
89599910000000001869
89599910000000001870
89599910000000001871
89599910000000001872
89599910000000001873
89599910000000001874
89599910000000001875
89599910000000001876
89599910000000001877
89599910000000001878
89599910000000001879
89599910000000001880
89599910000000001881
89599910000000001882
89599910000000001883
89599910000000003187
89599910000000000854
89599910000000000855
89599910000000000856
89599910000000000857
89599910000000000858
89599910000000000859
89599910000000000860
89599910000000000861
89599910000000000862
89599910000000000863
89599910000000000864
89599910000000000866
89599910000000000867
89599910000000000868
89599910000000000869
89599910000000000870
89599910000000000871
89599910000000000872
89599910000000000873
89599910000000000874
89599910000000000875
89599910000000000876
89599910000000000877
89599910000000000878
89599910000000000879
89599910000000000880
89599910000000000881
89599910000000000882
89599910000000000883
89599910000000000884
89599910000000000885
89599910000000000886
89599910000000000887
89599910000000000888
89599910000000000889
89599910000000000890
89599910000000000891
89599910000000000892
89599910000000000893
89599910000000000894
89599910000000000895
89599910000000000896
89599910000000000897
89599910000000000898
89599910000000000899
89599910000000000900
89599910000000000901
89599910000000000902
89599910000000000903
89599910000000000904
89599910000000000905
89599910000000000906
89599910000000000907
89599910000000000908
89599910000000000909
89599910000000000910
89599910000000000911
89599910000000000912
89599910000000000913
89599910000000000914
89599910000000000915
89599910000000000916
89599910000000000917
89599910000000000918
89599910000000001884
89599910000000001885
89599910000000001886
89599910000000001887
89599910000000001888
89599910000000001889
89599910000000001890
89599910000000001891
89599910000000001892
89599910000000001893
89599910000000001894
89599910000000001895
89599910000000001896
89599910000000001897
89599910000000001898
89599910000000001899
89599910000000001900
89599910000000001901
89599910000000001902
89599910000000001903
89599910000000001904
89599910000000001905
89599910000000001906
89599910000000001907
89599910000000001908
89599910000000001909
89599910000000001910
89599910000000001911
89599910000000001912
89599910000000001913
89599910000000001914
89599910000000001915
89599910000000001916
89599910000000001917
89599910000000001918
89599910000000001919
89599910000000001920
89599910000000001921
89599910000000001922
89599910000000001923
89599910000000001924
89599910000000001925
89599910000000001926
89599910000000001927
89599910000000001928
89599910000000001929
89599910000000001930
89599910000000001931
89599910000000001932
89599910000000001933
89599910000000001934
89599910000000001935
89599910000000001936
89599910000000001937
89599910000000001938
89599910000000001939
89599910000000001940
89599910000000001941
89599910000000001942
89599910000000001943
89599910000000001944
89599910000000001945
89599910000000001946
89599910000000001947
89599910000000001948
89599910000000003329
89599910000000003330
89599910000000003332
89599910000000003333
89599910000000003334
89599910000000003335
89599910000000003337
89599910000000003338
89599910000000003339
89599910000000003340
89599910000000003342
89599910000000003343
89599910000000003344
89599910000000003345
89599910000000003346
89599910000000003347
89599910000000003348
89599910000000003349
89599910000000003350
89599910000000003351
89599910000000003352
89599910000000003353
89599910000000003354
89599910000000003355
89599910000000003356
89599910000000003357
89599910000000003358
89599910000000003360
89599910000000003361
89599910000000003363
89599910000000003365
89599910000000003366
89599910000000003367
89599910000000000919
89599910000000000920
89599910000000000921
89599910000000000922
89599910000000000923
89599910000000000924
89599910000000000925
89599910000000000926
89599910000000000927
89599910000000000928
89599910000000000929
89599910000000000930
89599910000000000931
89599910000000000932
89599910000000000933
89599910000000000934
89599910000000000935
89599910000000000936
89599910000000000937
89599910000000000938
89599910000000000940
89599910000000000941
89599910000000000942
89599910000000000943
89599910000000000944
89599910000000000946
89599910000000000947
89599910000000000948
89599910000000000949
89599910000000000950
89599910000000000951
89599910000000000952
89599910000000000953
89599910000000000954
89599910000000000955
89599910000000000956
89599910000000000957
89599910000000000958
89599910000000000959
89599910000000000960
89599910000000000961
89599910000000000962
89599910000000000963
89599910000000000964
89599910000000000965
89599910000000000966
89599910000000000967
89599910000000000968
89599910000000000969
89599910000000000970
89599910000000000971
89599910000000000972
89599910000000000973
89599910000000000974
89599910000000000975
89599910000000000976
89599910000000000977
89599910000000000978
89599910000000000979
89599910000000000980
89599910000000000981
89599910000000000982
89599910000000001949
89599910000000001950
89599910000000001951
89599910000000001952
89599910000000001953
89599910000000001954
89599910000000001955
89599910000000001956
89599910000000001957
89599910000000001958
89599910000000001959
89599910000000001960
89599910000000001961
89599910000000001962
89599910000000001963
89599910000000001965
89599910000000001966
89599910000000001967
89599910000000001968
89599910000000001969
89599910000000001970
89599910000000001971
89599910000000001972
89599910000000001973
89599910000000001974
89599910000000001975
89599910000000001976
89599910000000001977
89599910000000001978
89599910000000001979
89599910000000001980
89599910000000001982
89599910000000001983
89599910000000001984
89599910000000001985
89599910000000001986
89599910000000001987
89599910000000001988
89599910000000001990
89599910000000001991
89599910000000001993
89599910000000001994
89599910000000001995
89599910000000001996
89599910000000001997
89599910000000001998
89599910000000002000
89599910000000002852
89599910000000002853
89599910000000002854
89599910000000002855
89599910000000002856
89599910000000002857
89599910000000002858
89599910000000002859
89599910000000002860
89599910000000002861
89599910000000002862
89599910000000002863
89599910000000002864
89599910000000002865
89599910000000002866
89599910000000002867
89599910000000002868
89599910000000002869
89599910000000002870
89599910000000002872
89599910000000002873
89599910000000002874
89599910000000002875
89599910000000002876
89599910000000002877
89599910000000002878
89599910000000002879
89599910000000002880
89599910000000002881
89599910000000002882
89599910000000002883
89599910000000002884
89599910000000002885
89599910000000002886
89599910000000002887
89599910000000002888
89599910000000002889
89599910000000002890
89599910000000002891
89599910000000002892
89599910000000002893
89599910000000002894
89599910000000002895
89599910000000002896
89599910000000002897
89599910000000002898
89599910000000002899
89599910000000002900
89599910000000002901
89599910000000002902
89599910000000002903
89599910000000002904
89599910000000002905
89599910000000002906
89599910000000002907
89599910000000002908
89599910000000002909
89599910000000002910
89599910000000002911
89599910000000002912
89599910000000002913
89599910000000002914
89599910000000002915
89599910000000002916
89599910000000000983
89599910000000000984
89599910000000000985
89599910000000000986
89599910000000000987
89599910000000000988
89599910000000000989
89599910000000000990
89599910000000000991
89599910000000000992
89599910000000000993
89599910000000000994
89599910000000000995
89599910000000000996
89599910000000000997
89599910000000000998
89599910000000000999
89599910000000001000
89599910000000001001
89599910000000001002
89599910000000001003
89599910000000001004
89599910000000001005
89599910000000001006
89599910000000001007
89599910000000001008
89599910000000001009
89599910000000001010
89599910000000001011
89599910000000001012
89599910000000001013
89599910000000001014
89599910000000001015
89599910000000001016
89599910000000001017
89599910000000001018
89599910000000001019
89599910000000001020
89599910000000001021
89599910000000001022
89599910000000001023
89599910000000001024
89599910000000001025
89599910000000001026
89599910000000001027
89599910000000001028
89599910000000001029
89599910000000001030
89599910000000001031
89599910000000001032
89599910000000001033
89599910000000001034
89599910000000001035
89599910000000001036
89599910000000001038
89599910000000001039
89599910000000001040
89599910000000001041
89599910000000001042
89599910000000001043
89599910000000001044
89599910000000001045
89599910000000001046
89599910000000001047
89599910000000002031
89599910000000002032
89599910000000002033
89599910000000002034
89599910000000002035
89599910000000002036
89599910000000002037
89599910000000002038
89599910000000002039
89599910000000002040
89599910000000002041
89599910000000002042
89599910000000002043
89599910000000002044
89599910000000002045
89599910000000002046
89599910000000002047
89599910000000002048
89599910000000002049
89599910000000002050
89599910000000002051
89599910000000002052
89599910000000002053
89599910000000002054
89599910000000002055
89599910000000002056
89599910000000002057
89599910000000002058
89599910000000002059
89599910000000002060
89599910000000002061
89599910000000002062
89599910000000002063
89599910000000002064
89599910000000002065
89599910000000002066
89599910000000002067
89599910000000002069
89599910000000002070
89599910000000002071
89599910000000002072
89599910000000002073
89599910000000002074
89599910000000002075
89599910000000002076
89599910000000002077
89599910000000001048
89599910000000001049
89599910000000001050
89599910000000001051
89599910000000001052
89599910000000001053
89599910000000001054
89599910000000001055
89599910000000001056
89599910000000001057
89599910000000001059
89599910000000001062
89599910000000001063
89599910000000001064
89599910000000001065
89599910000000001066
89599910000000001070
89599910000000001071
89599910000000001072
89599910000000001073
89599910000000001074
89599910000000001076
89599910000000001077
89599910000000001078
89599910000000001079
89599910000000001080
89599910000000001081
89599910000000001082
89599910000000001083
89599910000000001084
89599910000000001085
89599910000000001086
89599910000000001087
89599910000000001088
89599910000000001089
89599910000000001090
89599910000000001091
89599910000000001092
89599910000000001093
89599910000000001094
89599910000000001095
89599910000000001096
89599910000000001097
89599910000000001098
89599910000000001099
89599910000000001100
89599910000000001101
89599910000000001102
89599910000000001103
89599910000000001104
89599910000000001105
89599910000000001106
89599910000000001107
89599910000000001108
89599910000000001109
89599910000000001110
89599910000000001111
89599910000000002078
89599910000000002079
89599910000000002080
89599910000000002081
89599910000000002082
89599910000000002083
89599910000000002084
89599910000000002085
89599910000000002086
89599910000000002087
89599910000000002088
89599910000000002089
89599910000000002090
89599910000000002091
89599910000000002092
89599910000000002093
89599910000000002094
89599910000000002095
89599910000000002096
89599910000000002097
89599910000000002098
89599910000000002099
89599910000000002100
89599910000000002101
89599910000000002102
89599910000000002103
89599910000000002104
89599910000000002105
89599910000000002106
89599910000000002107
89599910000000002108
89599910000000002109
89599910000000002110
89599910000000002111
89599910000000002112
89599910000000002113
89599910000000002114
89599910000000002115
89599910000000002116
89599910000000002117
89599910000000002118
89599910000000002119
89599910000000002120
89599910000000002121
89599910000000002122
89599910000000002123
89599910000000002124
89599910000000002125
89599910000000002126
89599910000000002127
89599910000000002128
89599910000000002129
89599910000000002130
89599910000000002131
89599910000000002132
89599910000000002133
89599910000000002134
89599910000000002135
89599910000000002136
89599910000000002137
89599910000000002138
89599910000000002139
89599910000000002140
89599910000000002141
89599910000000002659
89599910000000002660
89599910000000002661
89599910000000002662
89599910000000002663
89599910000000002664
89599910000000002665
89599910000000002666
89599910000000002667
89599910000000002668
89599910000000002669
89599910000000002670
89599910000000002671
89599910000000002672
89599910000000002673
89599910000000002674
89599910000000002675
89599910000000002676
89599910000000002677
89599910000000002678
89599910000000002679
89599910000000002680
89599910000000002681
89599910000000002682
89599910000000002683
89599910000000002684
89599910000000002685
89599910000000002686
89599910000000002687
89599910000000002688
89599910000000002689
89599910000000002690
89599910000000002691
89599910000000002692
89599910000000002693
89599910000000002694
89599910000000002695
89599910000000002696
89599910000000002697
89599910000000002699
89599910000000002700
89599910000000002701
89599910000000002702
89599910000000002703
89599910000000002704
89599910000000002705
89599910000000002706
89599910000000002707
89599910000000002708
89599910000000002709
89599910000000002710
89599910000000002711
89599910000000002712
89599910000000002713
89599910000000002714
89599910000000002715
89599910000000002716
89599910000000002717
89599910000000002718
89599910000000002719
89599910000000002720
89599910000000002721
89599910000000002722
89599910000000001112
89599910000000001113
89599910000000001114
89599910000000001115
89599910000000001116
89599910000000001117
89599910000000001118
89599910000000001119
89599910000000001120
89599910000000001121
89599910000000001122
89599910000000001123
89599910000000001124
89599910000000001125
89599910000000001126
89599910000000001127
89599910000000001128
89599910000000001129
89599910000000001130
89599910000000001131
89599910000000001132
89599910000000001133
89599910000000001134
89599910000000001135
89599910000000001136
89599910000000001137
89599910000000001138
89599910000000001139
89599910000000001140
89599910000000001141
89599910000000001142
89599910000000001143
89599910000000001144
89599910000000001145
89599910000000001146
89599910000000001147
89599910000000001149
89599910000000001150
89599910000000001151
89599910000000001154
89599910000000001155
89599910000000001156
89599910000000001157
89599910000000001158
89599910000000001159
89599910000000001160
89599910000000001161
89599910000000001162
89599910000000001163
89599910000000001164
89599910000000001165
89599910000000001166
89599910000000001167
89599910000000001168
89599910000000001169
89599910000000001170
89599910000000001171
89599910000000001172
89599910000000001173
89599910000000001174
89599910000000001175
89599910000000001176
89599910000000002142
89599910000000002143
89599910000000002144
89599910000000002145
89599910000000002146
89599910000000002147
89599910000000002148
89599910000000002149
89599910000000002150
89599910000000002151
89599910000000002152
89599910000000002153
89599910000000002154
89599910000000002155
89599910000000002156
89599910000000002157
89599910000000002158
89599910000000002159
89599910000000002160
89599910000000002161
89599910000000002162
89599910000000002163
89599910000000002164
89599910000000002165
89599910000000002166
89599910000000002167
89599910000000002168
89599910000000002169
89599910000000002170
89599910000000002172
89599910000000002173
89599910000000002174
89599910000000002175
89599910000000002176
89599910000000002177
89599910000000002178
89599910000000002179
89599910000000002180
89599910000000002181
89599910000000002182
89599910000000002184
89599910000000002185
89599910000000002186
89599910000000002187
89599910000000002188
89599910000000002189
89599910000000002190
89599910000000002191
89599910000000002192
89599910000000002193
89599910000000002194
89599910000000002195
89599910000000002196
89599910000000002197
89599910000000002198
89599910000000002199
89599910000000002200
89599910000000002201
89599910000000002202
89599910000000002203
89599910000000002204
89599910000000002205
89599910000000002206
89599910000000002917
89599910000000002918
89599910000000002919
89599910000000002920
89599910000000002921
89599910000000002922
89599910000000002923
89599910000000002924
89599910000000002925
89599910000000002927
89599910000000002928
89599910000000002929
89599910000000002930
89599910000000002931
89599910000000002932
89599910000000002933
89599910000000002934
89599910000000002935
89599910000000002937
89599910000000002938
89599910000000002939
89599910000000002940
89599910000000002941
89599910000000002942
89599910000000002943
89599910000000002944
89599910000000002945
89599910000000002946
89599910000000002947
89599910000000002948
89599910000000002949
89599910000000002950
89599910000000002951
89599910000000002952
89599910000000002953
89599910000000002955
89599910000000002956
89599910000000002957
89599910000000002958
89599910000000002959
89599910000000002960
89599910000000002962
89599910000000002963
89599910000000002964
89599910000000002965
89599910000000002966
89599910000000002967
89599910000000002968
89599910000000002969
89599910000000002970
89599910000000002971
89599910000000002972
89599910000000002973
89599910000000002974
89599910000000002975
89599910000000002976
89599910000000002977
89599910000000002978
89599910000000002979
89599910000000002980
89599910000000000195
89599910000000000196
89599910000000000199
89599910000000000201
89599910000000000202
89599910000000000203
89599910000000000205
89599910000000000206
89599910000000000207
89599910000000001177
89599910000000001178
89599910000000001179
89599910000000001180
89599910000000001181
89599910000000001182
89599910000000001183
89599910000000001184
89599910000000001185
89599910000000001186
89599910000000001187
89599910000000001188
89599910000000001189
89599910000000001190
89599910000000001191
89599910000000001192
89599910000000001193
89599910000000001195
89599910000000001196
89599910000000001197
89599910000000001198
89599910000000001199
89599910000000001200
89599910000000001201
89599910000000001202
89599910000000001203
89599910000000001204
89599910000000001205
89599910000000001206
89599910000000001207
89599910000000001208
89599910000000001209
89599910000000001210
89599910000000001211
89599910000000001212
89599910000000001213
89599910000000001214
89599910000000001215
89599910000000001216
89599910000000001217
89599910000000001218
89599910000000001219
89599910000000001220
89599910000000001221
89599910000000001222
89599910000000001223
89599910000000001224
89599910000000001225
89599910000000001227
89599910000000001228
89599910000000001229
89599910000000001230
89599910000000001231
89599910000000001232
89599910000000001233
89599910000000001235
89599910000000001236
89599910000000001237
89599910000000001238
89599910000000001239
89599910000000001240
89599910000000002207
89599910000000002208
89599910000000002209
89599910000000002210
89599910000000002211
89599910000000002212
89599910000000002213
89599910000000002214
89599910000000002215
89599910000000002216
89599910000000002217
89599910000000002218
89599910000000002219
89599910000000002220
89599910000000002221
89599910000000002222
89599910000000002223
89599910000000002224
89599910000000002225
89599910000000002226
89599910000000002227
89599910000000002228
89599910000000002229
89599910000000002230
89599910000000002231
89599910000000002232
89599910000000002233
89599910000000002234
89599910000000002235
89599910000000002236
89599910000000002238
89599910000000002239
89599910000000002240
89599910000000002241
89599910000000002242
89599910000000002243
89599910000000002244
89599910000000002245
89599910000000002246
89599910000000002247
89599910000000002248
89599910000000002249
89599910000000002250
89599910000000002251
89599910000000002252
89599910000000002253
89599910000000002254
89599910000000002255
89599910000000002256
89599910000000002257
89599910000000002258
89599910000000002259
89599910000000002260
89599910000000002261
89599910000000002262
89599910000000002263
89599910000000002264
89599910000000002265
89599910000000002266
89599910000000002267
89599910000000002268
89599910000000002269
89599910000000000208
89599910000000000209
89599910000000000210
89599910000000000211
89599910000000000212
89599910000000000213
89599910000000000214
89599910000000000215
89599910000000000216
89599910000000000248
89599910000000000254
89599910000000000262
89599910000000000265
89599910000000000266
89599910000000001241
89599910000000001242
89599910000000001243
89599910000000001244
89599910000000001245
89599910000000001246
89599910000000001247
89599910000000001248
89599910000000001249
89599910000000001250
89599910000000001251
89599910000000001252
89599910000000001253
89599910000000001262
89599910000000001263
89599910000000001264
89599910000000001265
89599910000000001266
89599910000000001267
89599910000000001268
89599910000000001269
89599910000000001270
89599910000000001271
89599910000000001272
89599910000000001273
89599910000000001274
89599910000000001275
89599910000000001276
89599910000000001277
89599910000000001278
89599910000000001279
89599910000000001280
89599910000000001281
89599910000000001282
89599910000000001283
89599910000000001284
89599910000000001285
89599910000000001286
89599910000000001287
89599910000000001288
89599910000000001289
89599910000000001290
89599910000000001291
89599910000000001292
89599910000000001293
89599910000000001294
89599910000000001295
89599910000000001296
89599910000000001297
89599910000000001298
89599910000000001299
89599910000000001300
89599910000000001301
89599910000000001302
89599910000000001303
89599910000000001304
89599910000000001305
89599910000000002271
89599910000000002272
89599910000000002273
89599910000000002274
89599910000000002275
89599910000000002276
89599910000000002277
89599910000000002278
89599910000000002279
89599910000000002280
89599910000000002281
89599910000000002282
89599910000000002283
89599910000000002284
89599910000000002285
89599910000000002286
89599910000000002287
89599910000000002289
89599910000000002290
89599910000000002291
89599910000000002292
89599910000000002293
89599910000000002294
89599910000000002295
89599910000000002296
89599910000000002297
89599910000000002298
89599910000000002299
89599910000000002300
89599910000000002301
89599910000000002303
89599910000000002304
89599910000000002305
89599910000000002306
89599910000000002307
89599910000000002308
89599910000000002309
89599910000000002310
89599910000000002311
89599910000000002312
89599910000000002313
89599910000000002314
89599910000000002315
89599910000000002316
89599910000000002317
89599910000000002318
89599910000000002319
89599910000000002320
89599910000000002321
89599910000000002322
89599910000000002323
89599910000000002324
89599910000000002325
89599910000000002326
89599910000000002327
89599910000000002328
89599910000000002329
89599910000000002330
89599910000000002331
89599910000000002332
89599910000000002333
89599910000000002334
89599910000000002335
89599910000000002723
89599910000000002724
89599910000000002725
89599910000000002726
89599910000000002727
89599910000000002728
89599910000000002729
89599910000000002730
89599910000000002731
89599910000000002732
89599910000000002733
89599910000000002734
89599910000000002735
89599910000000002736
89599910000000002737
89599910000000002738
89599910000000002739
89599910000000002740
89599910000000002741
89599910000000002742
89599910000000002743
89599910000000002744
89599910000000002745
89599910000000002746
89599910000000002747
89599910000000002748
89599910000000002749
89599910000000002750
89599910000000002751
89599910000000002753
89599910000000002754
89599910000000002755
89599910000000002756
89599910000000002757
89599910000000002758
89599910000000002759
89599910000000002760
89599910000000002761
89599910000000002762
89599910000000002763
89599910000000002764
89599910000000002765
89599910000000002766
89599910000000002767
89599910000000002768
89599910000000002769
89599910000000002770
89599910000000002771
89599910000000002772
89599910000000002773
89599910000000002774
89599910000000002775
89599910000000002776
89599910000000002777
89599910000000002778
89599910000000002779
89599910000000002780
89599910000000002781
89599910000000002782
89599910000000002783
89599910000000002784
89599910000000002785
89599910000000002786
89599910000000002787
89599910000000000300
89599910000000000303
89599910000000000312
89599910000000000316
89599910000000000318
89599910000000000327
89599910000000000328
89599910000000000329
89599910000000000330
89599910000000000336
89599910000000001306
89599910000000001307
89599910000000001308
89599910000000001309
89599910000000001310
89599910000000001311
89599910000000001312
89599910000000001313
89599910000000001314
89599910000000001315
89599910000000001316
89599910000000001317
89599910000000001318
89599910000000001319
89599910000000001320
89599910000000001321
89599910000000001322
89599910000000001323
89599910000000001324
89599910000000001325
89599910000000001326
89599910000000001327
89599910000000001328
89599910000000001329
89599910000000001330
89599910000000001331
89599910000000001332
89599910000000001333
89599910000000001334
89599910000000001335
89599910000000001336
89599910000000001337
89599910000000001338
89599910000000001339
89599910000000001340
89599910000000001341
89599910000000001342
89599910000000001343
89599910000000001344
89599910000000001346
89599910000000001347
89599910000000001348
89599910000000001349
89599910000000001350
89599910000000001351
89599910000000001353
89599910000000001354
89599910000000001355
89599910000000001356
89599910000000001357
89599910000000001358
89599910000000001359
89599910000000001360
89599910000000001361
89599910000000001362
89599910000000001363
89599910000000001364
89599910000000001365
89599910000000001366
89599910000000001367
89599910000000001368
89599910000000001369
89599910000000002336
89599910000000002337
89599910000000002338
89599910000000002339
89599910000000002340
89599910000000002341
89599910000000002342
89599910000000002343
89599910000000002344
89599910000000002345
89599910000000002346
89599910000000002347
89599910000000002348
89599910000000002349
89599910000000002350
89599910000000002351
89599910000000002352
89599910000000002353
89599910000000002354
89599910000000002355
89599910000000002356
89599910000000002357
89599910000000002358
89599910000000002359
89599910000000002360
89599910000000002361
89599910000000002362
89599910000000002363
89599910000000002364
89599910000000002365
89599910000000002366
89599910000000002367
89599910000000002368
89599910000000002369
89599910000000002370
89599910000000002371
89599910000000002372
89599910000000002373
89599910000000002374
89599910000000002375
89599910000000002376
89599910000000002377
89599910000000002378
89599910000000002379
89599910000000002380
89599910000000002381
89599910000000002382
89599910000000002383
89599910000000002384
89599910000000002385
89599910000000002386
89599910000000002387
89599910000000002388
89599910000000002389
89599910000000002390
89599910000000002391
89599910000000002392
89599910000000002393
89599910000000002394
89599910000000002395
89599910000000002396
89599910000000002397
89599910000000002398
89599910000000002399
89599910000000000337
89599910000000000338
89599910000000000339
89599910000000000340
89599910000000000341
89599910000000000343
89599910000000000345
89599910000000000347
89599910000000000348
89599910000000000349
89599910000000000352
89599910000000000354
89599910000000000356
89599910000000000357
89599910000000000358
89599910000000000359
89599910000000000360
89599910000000000361
89599910000000000365
89599910000000000366
89599910000000000367
89599910000000000368
89599910000000000369
89599910000000000374
89599910000000000378
89599910000000000379
89599910000000000383
89599910000000000385
89599910000000000396
89599910000000001370
89599910000000001371
89599910000000001372
89599910000000001373
89599910000000001374
89599910000000001375
89599910000000001376
89599910000000001377
89599910000000001378
89599910000000001379
89599910000000001380
89599910000000001381
89599910000000001382
89599910000000001384
89599910000000001385
89599910000000001386
89599910000000001387
89599910000000001388
89599910000000001389
89599910000000001391
89599910000000001392
89599910000000001393
89599910000000001394
89599910000000001395
89599910000000001396
89599910000000001397
89599910000000001398
89599910000000001399
89599910000000001400
89599910000000001401
89599910000000001402
89599910000000001403
89599910000000001405
89599910000000001406
89599910000000001407
89599910000000001408
89599910000000001409
89599910000000001410
89599910000000001411
89599910000000001412
89599910000000001413
89599910000000001414
89599910000000001415
89599910000000001416
89599910000000001417
89599910000000001418
89599910000000001419
89599910000000001420
89599910000000001421
89599910000000001422
89599910000000001423
89599910000000001424
89599910000000001425
89599910000000001426
89599910000000001428
89599910000000001429
89599910000000001430
89599910000000001431
89599910000000001432
89599910000000001433
89599910000000001434
89599910000000003368
89599910000000003369
89599910000000003370
89599910000000003371
89599910000000003372
89599910000000003373
89599910000000003374
89599910000000003375
89599910000000003376
89599910000000003377
89599910000000003378
89599910000000003379
89599910000000003380
89599910000000003381
89599910000000003382
89599910000000003383
89599910000000003384
89599910000000003385
89599910000000003386
89599910000000003387
89599910000000003388
89599910000000003389
89599910000000003390
89599910000000003391
89599910000000003392
89599910000000003393
89599910000000003394
89599910000000003395
89599910000000003396
89599910000000003397
89599910000000003398
89599910000000003399
89599910000000003400
89599910000000003401
89599910000000003402
89599910000000003403
89599910000000003404
89599910000000003405
89599910000000003406
89599910000000003408
89599910000000003410
89599910000000003411
89599910000000003412
89599910000000003414
89599910000000003415
89599910000000003416
89599910000000003418
89599910000000003419
89599910000000003420
89599910000000003421
89599910000000003422
89599910000000003423
89599910000000003424
89599910000000003425
89599910000000003426
89599910000000003427
89599910000000003428
89599910000000003429
89599910000000003430
89599910000000003431
89599910000000003432
89599910000000003433
89599910000000003434
89599910000000003435
89599910000000003436
89599910000000003437
89599910000000003438
89599910000000003439
89599910000000003440
89599910000000003441
89599910000000003442
89599910000000003443
89599910000000003444
89599910000000003445
89599910000000003446
89599910000000003447
89599910000000003448
89599910000000003449
89599910000000003450
89599910000000003451
89599910000000003452
89599910000000003453
89599910000000003454
89599910000000003455
89599910000000003456
89599910000000003457
89599910000000003458
89599910000000003459
89599910000000003460
89599910000000003461
89599910000000003462
89599910000000003463
89599910000000003464
89599910000000003465
89599910000000003466
89599910000000003468
89599910000000003469
89599910000000003470
89599910000000003471
89599910000000003472
89599910000000003473
89599910000000003475
89599910000000003477
89599910000000003478
89599910000000003479
89599910000000003480
89599910000000003481
89599910000000003482
89599910000000003483
89599910000000003484
89599910000000003485
89599910000000003486
89599910000000003487
89599910000000003488
89599910000000003489
89599910000000003490
89599910000000003491
89599910000000003492
89599910000000003493
89599910000000003494
89599910000000003495
89599910000000003496
89599910000000003510
89599910000000003512
89599910000000003513
89599910000000003514
89599910000000003515
89599910000000003516
89599910000000003517
89599910000000003518
89599910000000003519
89599910000000003523
89599910000000003528
89599910000000003532
89599910000000003533
89599910000000003534
89599910000000003535
89599910000000003536
89599910000000003537
89599910000000003538
89599910000000003539
89599910000000003540
89599910000000003541
89599910000000003542
89599910000000003543
89599910000000003544
89599910000000003545
89599910000000003546
89599910000000003547
89599910000000003548
89599910000000003549
89599910000000003550
89599910000000003551
89599910000000003553
89599910000000003554
89599910000000003555
89599910000000003556
89599910000000003557
89599910000000003558
89599910000000003559
89599910000000003560
89599910000000003561
89599910000000003562
89599910000000003563
89599910000000003564
89599910000000003497
89599910000000003498
89599910000000003499
89599910000000003500
89599910000000003565
89599910000000003566
89599910000000003567
89599910000000003568
89599910000000003569
89599910000000003570
89599910000000003571
89599910000000003572
89599910000000003573
89599910000000003574
89599910000000003577
89599910000000003578
89599910000000003579
89599910000000003580
89599910000000003581
89599910000000003582
89599910000000003583
89599910000000003584
89599910000000003585
89599910000000003586
89599910000000003587
89599910000000003588
89599910000000003589
89599910000000003590
89599910000000003591
89599910000000003592
89599910000000003593
89599910000000003594
89599910000000003595
89599910000000003597
89599910000000003598
89599910000000003599
89599910000000003600
89599910000000003601
89599910000000003603
89599910000000003605
89599910000000003610
89599910000000003611
89599910000000003612
89599910000000003613
89599910000000003614
89599910000000003615
89599910000000003616
89599910000000003617
89599910000000003619
89599910000000003620
89599910000000003621
89599910000000003622
89599910000000003623
89599910000000003624
89599910000000003625
89599910000000003626
89599910000000003627
89599910000000003628
89599910000000003629
89599910000000003630
89599910000000003631
89599910000000003632
89599910000000003633
89599910000000003635
89599910000000003636
89599910000000003637
89599910000000003638
89599910000000003639
89599910000000003640
89599910000000003641
89599910000000003642
89599910000000003643
89599910000000003645
89599910000000003646
89599910000000003647
89599910000000003648
89599910000000003649
89599910000000003650
89599910000000003651
89599910000000003652
89599910000000003653
89599910000000003654
89599910000000003655
89599910000000003656
89599910000000003657
89599910000000003658
89599910000000003659
89599910000000003660
89599910000000003661
89599910000000003662
89599910000000003663
89599910000000003664
89599910000000003665
89599910000000003666
89599910000000003667
89599910000000003668
89599910000000003669
89599910000000003670
89599910000000003671
89599910000000003672
89599910000000003673
89599910000000003674
89599910000000003675
89599910000000003676
89599910000000003677
89599910000000003678
89599910000000003679
89599910000000003680
89599910000000003681
89599910000000003682
89599910000000003683
89599910000000003684
89599910000000003685
89599910000000003686
89599910000000003687
89599910000000003688
89599910000000003689
89599910000000003690
89599910000000003691
89599910000000003692
89599910000000003693
89599910000000003694
89599910000000003695
89599910000000003696
89599910000000003697
89599910000000003698
89599910000000003699
89599910000000003700
89599910000000003702
89599910000000003703
89599910000000003704
89599910000000003705
89599910000000003706
89599910000000003712
89599910000000003713
89599910000000003714
89599910000000003717
89599910000000003722
89599910000000003723
89599910000000003724
89599910000000003725
89599910000000003726
89599910000000003727
89599910000000003738
89599910000000003741
89599910000000003745
89599910000000003746
89599910000000003750
89599910000000003752
89599910000000003753
89599910000000003754
89599910000000003756
89599910000000003757
89599910000000003759
89599910000000003760
89599910000000003763
89599910000000003764
89599910000000003765
89599910000000003766
89599910000000003767
89599910000000003768
89599910000000003769
89599910000000003772
89599910000000003773
89599910000000003774
89599910000000003775
89599910000000003778
89599910000000003782
89599910000000003784
89599910000000003789
89599910000000003795
89599910000000003796
89599910000000003797
89599910000000003798
89599910000000003799
89599910000000003800
89599910000000003804
89599910000000003817
89599910000000003818
89599910000000003819
89599910000000003820
89599910000000003822
89599910000000003823
89599910000000003824
89599910000000003831
89599910000000003832
89599910000000003833
89599910000000003834
89599910000000003835
89599910000000003836
89599910000000003837
89599910000000003838
89599910000000003839
89599910000000003840
89599910000000003841
89599910000000003842
89599910000000003843
89599910000000003844
89599910000000003845
89599910000000003846
89599910000000003847
89599910000000003848
89599910000000003849
89599910000000003850
89599910000000003851
89599910000000003852
89599910000000003853
89599910000000003854
89599910000000003855
89599910000000003856
89599910000000003857
89599910000000003858
89599910000000003859
89599910000000003860
89599910000000003861
89599910000000003862
89599910000000003863
89599910000000003864
89599910000000003865
89599910000000003867
89599910000000003868
89599910000000003869
89599910000000003870
89599910000000003871
89599910000000003872
89599910000000003873
89599910000000003874
89599910000000003875
89599910000000003876
89599910000000003878
89599910000000003879
89599910000000003880
89599910000000003881
89599910000000003882
89599910000000003883
89599910000000003884
89599910000000003885
89599910000000003886
89599910000000003887
89599910000000003888
89599910000000003889
89599910000000003890
89599910000000003891
89599910000000003892
89599910000000003893
89599910000000003894
89599910000000003895
89599910000000003896
89599910000000003897
89599910000000003898
89599910000000003899
89599910000000003900
89599910000000003901
89599910000000003902
89599910000000003903
89599910000000003904
89599910000000003905
89599910000000003906
89599910000000003907
89599910000000003908
89599910000000003909
89599910000000003910
89599910000000003911
89599910000000003912
89599910000000003913
89599910000000003914
89599910000000003915
89599910000000003916
89599910000000003917
89599910000000003918
89599910000000003919
89599910000000003920
89599910000000003921
89599910000000003922
89599910000000003923
89599910000000003924
89599910000000003925
89599910000000003926
89599910000000003927
89599910000000003928
89599910000000003929
89599910000000003931
89599910000000003932
89599910000000003940
89599910000000003941
89599910000000003942
89599910000000003943
89599910000000003944
89599910000000003945
89599910000000003946
89599910000000003947
89599910000000003948
89599910000000003949
89599910000000003950
89599910000000003951
89599910000000003952
89599910000000003953
89599910000000003954
89599910000000003955
89599910000000003956
89599910000000003957
89599910000000003958
89599910000000003959
89599910000000003960
89599910000000003961
89599910000000003962
89599910000000003963
89599910000000003964
89599910000000003965
89599910000000003966
89599910000000003967
89599910000000003968
89599910000000003969
89599910000000003970
89599910000000003971
89599910000000003972
89599910000000003973
89599910000000003974
89599910000000003975
89599910000000003976
89599910000000003977
89599910000000003978
89599910000000003979
89599910000000003980
89599910000000003981
89599910000000003982
89599910000000003983
89599910000000003984
89599910000000003985
89599910000000003986
89599910000000003987
89599910000000003988
89599910000000003989
89599910000000003990
89599910000000003991
89599910000000003992
89599910000000003993
89599910000000003994
89599910000000003995
89599919300312945719
89599919300312945727
89599919300312945735
89599919300312945743
89599919300312945750
89599919300312945768
89599919300312945776
89599919300312945784
89599919300312945792
89599919300312945800
89599919300312945818
89599919300312945826
89599919300312945834
89599919300312945842
89599919300312945859
89599919300312945867
89599919300312945909
89599919300312945917
89599919300312945925
89599919300312945933
89599919300312945941
89599919300312945958
89599919300312945966
89599919300312945974
89599919300312945990
89599919300312946006
89599919300312946014
89599919300312946022
89599919300312946030
89599919300312946048
89599919300312946055
89599919300312946063
89599919300312946071
89599919300312946089
89599919300312946097
89599919300312946105
89599919300312946271
89599919300312946272
89599919300312946273
89599919300312946274
89599919300312946275
89599919300312946276
89599919300312946277
89599919300312946279
89599919300312946280
89599919300312946281
89599919300312946282
89599919300312946171
89599919300312946172
89599919300312946173
89599919300312946174
89599919300312946175
89599919300312946176
89599919300312946177
89599919300312946178
89599919300312946179
89599919300312946180
89599919300312946181
89599919300312946182
89599919300312946186
89599919300312946197
89599919300312946198
89599919300312946209
89599919300312946217
89599919300312946232
89599919300312946233
89599919300312946236
89599919300312946239
89599919300312946240
89599919300312946241
89599919300312946243
89599919300312946246
89599919300312946247
89599919300312946248
89599919300312946249
89599919300312946250
89599919300312946255
89599919300312946256
89599919300312946259
89599919300312946262
Imei: 89599910000000000673
]]></system-out>
    <system-err><![CDATA[Starting ChromeDriver 110.0.5481.77 (65ed616c6e8ee3fe0ad64fe83796c020644d42af-refs/branch-heads/5481@{#839}) on port 45673
Only local connections are allowed.
Please see https://chromedriver.chromium.org/security-considerations for suggestions on keeping ChromeDriver safe.
ChromeDriver was started successfully.
[1677794104.621][WARNING]: virtual void DevToolsClientImpl::AddListener(DevToolsEventListener *) subscribing a listener to the already connected DevToolsClient. Connection notification will not arrive.
Mar 02, 2023 4:55:05 PM org.openqa.selenium.remote.ProtocolHandshake createSession
INFO: Detected dialect: W3C
]]></system-err>
  </testcase>
</testsuite>