<?xml version="1.0" encoding="UTF-8"?><testsuite errors="1" failures="0" name="Mobile Feature" skipped="0" tests="1" time="28.8" timestamp="2023-02-17 06:04:48"><testcase name="Mobile Feature"><error message="element click intercepted: Element &lt;span&gt;...&lt;/span&gt; is not clickable at point (1761, 141). Other element would receive the click: &lt;div class=&quot;react-responsive-modal-container react-responsive-modal-containerCenter&quot; data-testid=&quot;modal-container&quot;&gt;...&lt;/div&gt;&#10;  (Session info: chrome=110.0.5481.104)&#10;Build info: version: '3.141.59', revision: 'e82be7d358', time: '2018-11-14T08:17:03'&#10;System info: host: 'CHRISTIAN_BUELE', ip: '60.60.100.226', os.name: 'Windows 10', os.arch: 'amd64', os.version: '10.0', java.version: '11.0.2'&#10;Driver info: org.openqa.selenium.chrome.ChromeDriver&#10;Capabilities {acceptInsecureCerts: false, browserName: chrome, browserVersion: 110.0.5481.104, chrome: {chromedriverVersion: 110.0.5481.77 (65ed616c6e8e..., userDataDir: C:\Users\chris\AppData\Loca...}, goog:chromeOptions: {debuggerAddress: localhost:52178}, javascriptEnabled: true, networkConnectionEnabled: false, pageLoadStrategy: normal, platform: WINDOWS, platformName: WINDOWS, proxy: Proxy(), setWindowRect: true, strictFileInteractability: false, timeouts: {implicit: 0, pageLoad: 300000, script: 30000}, unhandledPromptBehavior: dismiss and notify, webauthn:extension:credBlob: true, webauthn:extension:largeBlob: true, webauthn:virtualAuthenticators: true}&#10;Session ID: 0384d120f3707bee8f19422393323b6a&#10;Build info: version: '3.141.59', revision: 'e82be7d358', time: '2018-11-14T08:17:03'&#10;System info: host: 'CHRISTIAN_BUELE', ip: '60.60.100.226', os.name: 'Windows 10', os.arch: 'amd64', os.version: '10.0', java.version: '11.0.2'&#10;Driver info: driver.version: unknown" type="org.openqa.selenium.ElementClickInterceptedException">element click intercepted: Element &lt;span&gt;...&lt;/span&gt; is not clickable at point (1761, 141). Other element would receive the click: &lt;div class="react-responsive-modal-container react-responsive-modal-containerCenter" data-testid="modal-container"&gt;...&lt;/div&gt;
  (Session info: chrome=110.0.5481.104)
Build info: version: '3.141.59', revision: 'e82be7d358', time: '2018-11-14T08:17:03'
System info: host: 'CHRISTIAN_BUELE', ip: '60.60.100.226', os.name: 'Windows 10', os.arch: 'amd64', os.version: '10.0', java.version: '11.0.2'
Driver info: org.openqa.selenium.chrome.ChromeDriver
Capabilities {acceptInsecureCerts: false, browserName: chrome, browserVersion: 110.0.5481.104, chrome: {chromedriverVersion: 110.0.5481.77 (65ed616c6e8e..., userDataDir: C:\Users\chris\AppData\Loca...}, goog:chromeOptions: {debuggerAddress: localhost:52178}, javascriptEnabled: true, networkConnectionEnabled: false, pageLoadStrategy: normal, platform: WINDOWS, platformName: WINDOWS, proxy: Proxy(), setWindowRect: true, strictFileInteractability: false, timeouts: {implicit: 0, pageLoad: 300000, script: 30000}, unhandledPromptBehavior: dismiss and notify, webauthn:extension:credBlob: true, webauthn:extension:largeBlob: true, webauthn:virtualAuthenticators: true}
Session ID: 0384d120f3707bee8f19422393323b6a
Build info: version: '3.141.59', revision: 'e82be7d358', time: '2018-11-14T08:17:03'
System info: host: 'CHRISTIAN_BUELE', ip: '60.60.100.226', os.name: 'Windows 10', os.arch: 'amd64', os.version: '10.0', java.version: '11.0.2'
Driver info: driver.version: unknown</error><system-err>element click intercepted: Element &lt;span&gt;...&lt;/span&gt; is not clickable at point (1761, 141). Other element would receive the click: &lt;div class="react-responsive-modal-container react-responsive-modal-containerCenter" data-testid="modal-container"&gt;...&lt;/div&gt;
  (Session info: chrome=110.0.5481.104)
Build info: version: '3.141.59', revision: 'e82be7d358', time: '2018-11-14T08:17:03'
System info: host: 'CHRISTIAN_BUELE', ip: '60.60.100.226', os.name: 'Windows 10', os.arch: 'amd64', os.version: '10.0', java.version: '11.0.2'
Driver info: org.openqa.selenium.chrome.ChromeDriver
Capabilities {acceptInsecureCerts: false, browserName: chrome, browserVersion: 110.0.5481.104, chrome: {chromedriverVersion: 110.0.5481.77 (65ed616c6e8e..., userDataDir: C:\Users\chris\AppData\Loca...}, goog:chromeOptions: {debuggerAddress: localhost:52178}, javascriptEnabled: true, networkConnectionEnabled: false, pageLoadStrategy: normal, platform: WINDOWS, platformName: WINDOWS, proxy: Proxy(), setWindowRect: true, strictFileInteractability: false, timeouts: {implicit: 0, pageLoad: 300000, script: 30000}, unhandledPromptBehavior: dismiss and notify, webauthn:extension:credBlob: true, webauthn:extension:largeBlob: true, webauthn:virtualAuthenticators: true}
Session ID: 0384d120f3707bee8f19422393323b6a
Build info: version: '3.141.59', revision: 'e82be7d358', time: '2018-11-14T08:17:03'
System info: host: 'CHRISTIAN_BUELE', ip: '60.60.100.226', os.name: 'Windows 10', os.arch: 'amd64', os.version: '10.0', java.version: '11.0.2'
Driver info: driver.version: unknown&#13;
amdocs@1.0-SNAPSHOT/utils.actions.Click(actions.java:28)&#13;
amdocs@1.0-SNAPSHOT/steps.Common.clickOnContinueButton(Common.java:62)&#13;
✽.Click on "Continue" button(file:///D:/Testing/Amdocs%20Testing/amdocs/src/test/resources/features/Mobile/Mobile.feature:41)&#13;
</system-err></testcase></testsuite>