<?xml version="1.0" encoding="UTF-8"?><testsuite errors="1" failures="0" name="TV Feature" skipped="0" tests="1" time="177.1" timestamp="2023-06-23 02:24:56"><testcase name="TV Feature"><error message="unexpected alert open: {Alert text : Error: decimalSeparator cannot be the same as groupSeparator}&#10;  (Session info: chrome=114.0.5735.134): Error: decimalSeparator cannot be the same as groupSeparator&#10;Build info: version: '3.141.59', revision: 'e82be7d358', time: '2018-11-14T08:17:03'&#10;System info: host: 'CHRISTIANBUELE', ip: '60.60.100.223', os.name: 'Windows 11', os.arch: 'amd64', os.version: '10.0', java.version: '11.0.17'&#10;Driver info: org.openqa.selenium.chrome.ChromeDriver&#10;Capabilities {acceptInsecureCerts: false, browserName: chrome, browserVersion: 114.0.5735.134, chrome: {chromedriverVersion: 114.0.5735.90 (386bc09e8f4f..., userDataDir: C:\Users\chris\AppData\Loca...}, goog:chromeOptions: {debuggerAddress: localhost:55695}, javascriptEnabled: true, networkConnectionEnabled: false, pageLoadStrategy: normal, platform: WINDOWS, platformName: WINDOWS, proxy: Proxy(), setWindowRect: true, strictFileInteractability: false, timeouts: {implicit: 0, pageLoad: 300000, script: 30000}, unhandledPromptBehavior: dismiss and notify, webauthn:extension:credBlob: true, webauthn:extension:largeBlob: true, webauthn:extension:minPinLength: true, webauthn:extension:prf: true, webauthn:virtualAuthenticators: true}&#10;Session ID: 4b98b8dfc7d48389b57aef0a316369af&#10;*** Element info: {Using=id, value=store}: null&#10;Build info: version: '3.141.59', revision: 'e82be7d358', time: '2018-11-14T08:17:03'&#10;System info: host: 'CHRISTIANBUELE', ip: '60.60.100.223', os.name: 'Windows 11', os.arch: 'amd64', os.version: '10.0', java.version: '11.0.17'&#10;Driver info: driver.version: unknown" type="org.openqa.selenium.UnhandledAlertException">unexpected alert open: {Alert text : Error: decimalSeparator cannot be the same as groupSeparator}
  (Session info: chrome=114.0.5735.134): Error: decimalSeparator cannot be the same as groupSeparator
Build info: version: '3.141.59', revision: 'e82be7d358', time: '2018-11-14T08:17:03'
System info: host: 'CHRISTIANBUELE', ip: '60.60.100.223', os.name: 'Windows 11', os.arch: 'amd64', os.version: '10.0', java.version: '11.0.17'
Driver info: org.openqa.selenium.chrome.ChromeDriver
Capabilities {acceptInsecureCerts: false, browserName: chrome, browserVersion: 114.0.5735.134, chrome: {chromedriverVersion: 114.0.5735.90 (386bc09e8f4f..., userDataDir: C:\Users\chris\AppData\Loca...}, goog:chromeOptions: {debuggerAddress: localhost:55695}, javascriptEnabled: true, networkConnectionEnabled: false, pageLoadStrategy: normal, platform: WINDOWS, platformName: WINDOWS, proxy: Proxy(), setWindowRect: true, strictFileInteractability: false, timeouts: {implicit: 0, pageLoad: 300000, script: 30000}, unhandledPromptBehavior: dismiss and notify, webauthn:extension:credBlob: true, webauthn:extension:largeBlob: true, webauthn:extension:minPinLength: true, webauthn:extension:prf: true, webauthn:virtualAuthenticators: true}
Session ID: 4b98b8dfc7d48389b57aef0a316369af
*** Element info: {Using=id, value=store}: null
Build info: version: '3.141.59', revision: 'e82be7d358', time: '2018-11-14T08:17:03'
System info: host: 'CHRISTIANBUELE', ip: '60.60.100.223', os.name: 'Windows 11', os.arch: 'amd64', os.version: '10.0', java.version: '11.0.17'
Driver info: driver.version: unknown</error><system-err>unexpected alert open: {Alert text : Error: decimalSeparator cannot be the same as groupSeparator}
  (Session info: chrome=114.0.5735.134): Error: decimalSeparator cannot be the same as groupSeparator
Build info: version: '3.141.59', revision: 'e82be7d358', time: '2018-11-14T08:17:03'
System info: host: 'CHRISTIANBUELE', ip: '60.60.100.223', os.name: 'Windows 11', os.arch: 'amd64', os.version: '10.0', java.version: '11.0.17'
Driver info: org.openqa.selenium.chrome.ChromeDriver
Capabilities {acceptInsecureCerts: false, browserName: chrome, browserVersion: 114.0.5735.134, chrome: {chromedriverVersion: 114.0.5735.90 (386bc09e8f4f..., userDataDir: C:\Users\chris\AppData\Loca...}, goog:chromeOptions: {debuggerAddress: localhost:55695}, javascriptEnabled: true, networkConnectionEnabled: false, pageLoadStrategy: normal, platform: WINDOWS, platformName: WINDOWS, proxy: Proxy(), setWindowRect: true, strictFileInteractability: false, timeouts: {implicit: 0, pageLoad: 300000, script: 30000}, unhandledPromptBehavior: dismiss and notify, webauthn:extension:credBlob: true, webauthn:extension:largeBlob: true, webauthn:extension:minPinLength: true, webauthn:extension:prf: true, webauthn:virtualAuthenticators: true}
Session ID: 4b98b8dfc7d48389b57aef0a316369af
*** Element info: {Using=id, value=store}: null
Build info: version: '3.141.59', revision: 'e82be7d358', time: '2018-11-14T08:17:03'
System info: host: 'CHRISTIANBUELE', ip: '60.60.100.223', os.name: 'Windows 11', os.arch: 'amd64', os.version: '10.0', java.version: '11.0.17'
Driver info: driver.version: unknown&#13;
utils.actions.SelectText(actions.java:104)&#13;
steps.CommonSteps.selectOption(CommonSteps.java:53)&#13;
steps.CommonSteps.payment(CommonSteps.java:187)&#13;
✽.Payment(file:///D:/Testing/Amdocs%20Testing/amdocs/src/test/resources/features/TV/Tv.feature:51)&#13;
</system-err></testcase></testsuite>